Arguments: 
  /home/betelgiuse/.nvm/versions/node/v10.16.0/bin/node /usr/share/yarn/bin/yarn.js

PATH: 
  /home/betelgiuse/.yarn/bin:/home/betelgiuse/.local/bin:/home/betelgiuse/.yarn/bin:/home/betelgiuse/.nvm/versions/node/v10.16.0/bin:/home/betelgiuse/.local/bin:/usr/local/sbin:/usr/local/bin:/usr/sbin:/usr/bin:/sbin:/bin:/usr/games:/usr/local/games:/home/rigel/Apps/android-studio/gradle/gradle-4.10.1/bin:/home/rigel/.android-sdk/platform-tools:$PATH:/snap/bin:/home/betelgiuse/.local/bin:/home/betelgiuse/.local/bin

Yarn version: 
  1.19.2

Node version: 
  10.16.0

Platform: 
  linux x64

Trace: 
  Error: https://github.com/web3-js/WebSocket-Node: ETIMEDOUT
      at Timeout._onTimeout (/usr/share/yarn/lib/cli.js:141246:19)
      at ontimeout (timers.js:436:11)
      at tryOnTimeout (timers.js:300:5)
      at listOnTimeout (timers.js:263:5)
      at Timer.processTimers (timers.js:223:10)

npm manifest: 
  {
    "name": "gtcr-notifications",
    "version": "0.1.0",
    "description": "Microservice for monitoring gtcr contract events.",
    "main": "index.js",
    "author": "Kleros",
    "license": "MIT",
    "private": true,
    "repository": "https://github.com/kleros/gtcr-notifications",
    "keywords": [
      "blockchain",
      "ethereum",
      "dapp",
      "kleros",
      "gtcr"
    ],
    "scripts": {
      "start": "node -r dotenv/config index.js",
      "dev": "nodemon -r dotenv/config index.js",
      "lint": "eslint './src/**/*.js'"
    },
    "dependencies": {
      "@kleros/tcr": "^0.1.26",
      "ajv": "^6.10.2",
      "body-parser": "^1.19.0",
      "cors": "^2.8.5",
      "dotenv": "^8.2.0",
      "ethers": "^4.0.40",
      "express": "^4.17.1",
      "json-schema": "^0.2.5",
      "morgan": "^1.9.1"
    },
    "devDependencies": {
      "@commitlint/cli": "^8.2.0",
      "@commitlint/config-conventional": "^8.2.0",
      "eslint-config-prettier": "^6.0.0",
      "eslint-config-react-app": "^4.0.1",
      "eslint-config-standard": "^13.0.1",
      "eslint-config-standard-jsx": "^7.0.0",
      "eslint-plugin-import": "^2.18.0",
      "eslint-plugin-jsx-a11y": "^6.2.3",
      "eslint-plugin-node": "^9.1.0",
      "eslint-plugin-prettier": "^3.1.0",
      "eslint-plugin-promise": "^4.2.1",
      "eslint-plugin-react": "^7.14.2",
      "eslint-plugin-react-hooks": "^1.6.1",
      "eslint-plugin-standard": "^4.0.0",
      "eslint-plugin-unicorn": "^9.1.1",
      "husky": "^3.1.0",
      "nodemon": "^2.0.1",
      "prettier": "^1.19.1",
      "standard-version": "^7.0.1"
    },
    "standard": {
      "parser": "babel-eslint",
      "ignore": [
        "/node_modules/**"
      ],
      "globals": [
        "require"
      ]
    },
    "commitlint": {
      "extends": [
        "@commitlint/config-conventional"
      ]
    },
    "husky": {
      "hooks": {
        "pre-commit": "yarn lint",
        "commit-msg": "commitlint -E HUSKY_GIT_PARAMS"
      }
    },
    "babelMacros": {
      "styledComponents": {
        "pure": true
      }
    }
  }

yarn manifest: 
  No manifest

Lockfile: 
  No lockfile
